  Record Store - OOP.cpp
C:\Users\anton\Documents\Antoniusz\Code\BootcampIT-2\Record Store - OOP\Record Store - OOP.cpp(12): error C2065: 'Album': undeclared identifier
C:\Users\anton\Documents\Antoniusz\Code\BootcampIT-2\Record Store - OOP\Record Store - OOP.cpp(12): error C2923: 'std::vector': 'Album' is not a valid template type argument for parameter '_Ty'
C:\Users\anton\Documents\Antoniusz\Code\BootcampIT-2\Record Store - OOP\Record Store - OOP.cpp(12): error C2903: 'allocator': symbol is neither a class template nor a function template
C:\Users\anton\Documents\Antoniusz\Code\BootcampIT-2\Record Store - OOP\Record Store - OOP.cpp(12): error C3203: 'allocator': unspecialized class template can't be used as a template argument for template parameter '_Alloc', expected a real type
C:\Users\anton\Documents\Antoniusz\Code\BootcampIT-2\Record Store - OOP\Record Store - OOP.cpp(21): error C2065: 'Album': undeclared identifier
C:\Users\anton\Documents\Antoniusz\Code\BootcampIT-2\Record Store - OOP\Record Store - OOP.cpp(21): error C2923: 'std::vector': 'Album' is not a valid template type argument for parameter '_Ty'
C:\Users\anton\Documents\Antoniusz\Code\BootcampIT-2\Record Store - OOP\Record Store - OOP.cpp(21): error C2903: 'allocator': symbol is neither a class template nor a function template
C:\Users\anton\Documents\Antoniusz\Code\BootcampIT-2\Record Store - OOP\Record Store - OOP.cpp(21): error C3203: 'allocator': unspecialized class template can't be used as a template argument for template parameter '_Alloc', expected a real type
C:\Users\anton\Documents\Antoniusz\Code\BootcampIT-2\Record Store - OOP\Record Store - OOP.cpp(40): error C2065: 'Album': undeclared identifier
C:\Users\anton\Documents\Antoniusz\Code\BootcampIT-2\Record Store - OOP\Record Store - OOP.cpp(40): error C2923: 'std::vector': 'Album' is not a valid template type argument for parameter '_Ty'
C:\Users\anton\Documents\Antoniusz\Code\BootcampIT-2\Record Store - OOP\Record Store - OOP.cpp(40): error C2903: 'allocator': symbol is neither a class template nor a function template
C:\Users\anton\Documents\Antoniusz\Code\BootcampIT-2\Record Store - OOP\Record Store - OOP.cpp(40): error C3203: 'allocator': unspecialized class template can't be used as a template argument for template parameter '_Alloc', expected a real type
C:\Users\anton\Documents\Antoniusz\Code\BootcampIT-2\Record Store - OOP\Record Store - OOP.cpp(16): error C2065: 'Album': undeclared identifier
C:\Users\anton\Documents\Antoniusz\Code\BootcampIT-2\Record Store - OOP\Record Store - OOP.cpp(16): error C2146: syntax error: missing ';' before identifier 'a'
C:\Users\anton\Documents\Antoniusz\Code\BootcampIT-2\Record Store - OOP\Record Store - OOP.cpp(16): error C2065: 'a': undeclared identifier
C:\Users\anton\Documents\Antoniusz\Code\BootcampIT-2\Record Store - OOP\Record Store - OOP.cpp(17): error C2065: 'a': undeclared identifier
C:\Users\anton\Documents\Antoniusz\Code\BootcampIT-2\Record Store - OOP\Record Store - OOP.cpp(18): error C2065: 'a': undeclared identifier
C:\Users\anton\Documents\Antoniusz\Code\BootcampIT-2\Record Store - OOP\Record Store - OOP.cpp(22): error C2065: 'Album': undeclared identifier
C:\Users\anton\Documents\Antoniusz\Code\BootcampIT-2\Record Store - OOP\Record Store - OOP.cpp(22): error C2923: 'std::vector': 'Album' is not a valid template type argument for parameter '_Ty'
C:\Users\anton\Documents\Antoniusz\Code\BootcampIT-2\Record Store - OOP\Record Store - OOP.cpp(22): error C2903: 'allocator': symbol is neither a class template nor a function template
C:\Users\anton\Documents\Antoniusz\Code\BootcampIT-2\Record Store - OOP\Record Store - OOP.cpp(22): error C3203: 'allocator': unspecialized class template can't be used as a template argument for template parameter '_Alloc', expected a real type
C:\Users\anton\Documents\Antoniusz\Code\BootcampIT-2\Record Store - OOP\Record Store - OOP.cpp(22): error C2133: 'trazeni': unknown size
C:\Users\anton\Documents\Antoniusz\Code\BootcampIT-2\Record Store - OOP\Record Store - OOP.cpp(22): error C2512: 'std::vector': no appropriate default constructor available
  C:\Program Files (x86)\Microsoft Visual Studio\2019\Community\VC\Tools\MSVC\14.20.27508\include\vector(339): note: see declaration of 'std::vector'
C:\Users\anton\Documents\Antoniusz\Code\BootcampIT-2\Record Store - OOP\Record Store - OOP.cpp(26): error C2662: 'allocator_traits<allocator_traits<_Alloc>::rebind_alloc<_Ty>>::size_type std::vector<_Ty,_Alloc>::size(void) noexcept const': cannot convert 'this' pointer from 'std::vector' to 'const std::vector<_Ty,_Alloc> &'
  C:\Users\anton\Documents\Antoniusz\Code\BootcampIT-2\Record Store - OOP\Record Store - OOP.cpp(26): note: Reason: cannot convert from 'std::vector' to 'const std::vector<_Ty,_Alloc>'
  C:\Users\anton\Documents\Antoniusz\Code\BootcampIT-2\Record Store - OOP\Record Store - OOP.cpp(26): note: Conversion requires a second user-defined-conversion operator or constructor
C:\Users\anton\Documents\Antoniusz\Code\BootcampIT-2\Record Store - OOP\Record Store - OOP.cpp(27): error C2678: binary '[': no operator found which takes a left-hand operand of type 'std::vector' (or there is no acceptable conversion)
  C:\Program Files (x86)\Microsoft Visual Studio\2019\Community\VC\Tools\MSVC\14.20.27508\include\vector(1369): note: could be 'const _Ty &std::vector<_Ty,_Alloc>::operator [](const allocator_traits<allocator_traits<_Alloc>::rebind_alloc<_Ty>>::size_type) const'
  C:\Program Files (x86)\Microsoft Visual Studio\2019\Community\VC\Tools\MSVC\14.20.27508\include\vector(1361): note: or       '_Ty &std::vector<_Ty,_Alloc>::operator [](const allocator_traits<allocator_traits<_Alloc>::rebind_alloc<_Ty>>::size_type)'
  C:\Users\anton\Documents\Antoniusz\Code\BootcampIT-2\Record Store - OOP\Record Store - OOP.cpp(27): note: while trying to match the argument list '(std::vector, int)'
C:\Users\anton\Documents\Antoniusz\Code\BootcampIT-2\Record Store - OOP\Record Store - OOP.cpp(28): error C2678: binary '[': no operator found which takes a left-hand operand of type 'std::vector' (or there is no acceptable conversion)
  C:\Program Files (x86)\Microsoft Visual Studio\2019\Community\VC\Tools\MSVC\14.20.27508\include\vector(1369): note: could be 'const _Ty &std::vector<_Ty,_Alloc>::operator [](const allocator_traits<allocator_traits<_Alloc>::rebind_alloc<_Ty>>::size_type) const'
  C:\Program Files (x86)\Microsoft Visual Studio\2019\Community\VC\Tools\MSVC\14.20.27508\include\vector(1361): note: or       '_Ty &std::vector<_Ty,_Alloc>::operator [](const allocator_traits<allocator_traits<_Alloc>::rebind_alloc<_Ty>>::size_type)'
  C:\Users\anton\Documents\Antoniusz\Code\BootcampIT-2\Record Store - OOP\Record Store - OOP.cpp(28): note: while trying to match the argument list '(std::vector, int)'
C:\Users\anton\Documents\Antoniusz\Code\BootcampIT-2\Record Store - OOP\Record Store - OOP.cpp(28): error C2663: 'std::vector<_Ty,_Alloc>::push_back': 2 overloads have no legal conversion for 'this' pointer
C:\Users\anton\Documents\Antoniusz\Code\BootcampIT-2\Record Store - OOP\Record Store - OOP.cpp(31): error C2440: 'return': cannot convert from 'std::vector' to 'std::vector'
  C:\Users\anton\Documents\Antoniusz\Code\BootcampIT-2\Record Store - OOP\Record Store - OOP.cpp(31): note: Cannot copy construct class 'std::vector' due to ambiguous copy constructors or no available copy constructor
C:\Users\anton\Documents\Antoniusz\Code\BootcampIT-2\Record Store - OOP\Record Store - OOP.cpp(35): error C2662: 'allocator_traits<allocator_traits<_Alloc>::rebind_alloc<_Ty>>::size_type std::vector<_Ty,_Alloc>::size(void) noexcept const': cannot convert 'this' pointer from 'std::vector' to 'const std::vector<_Ty,_Alloc> &'
  C:\Users\anton\Documents\Antoniusz\Code\BootcampIT-2\Record Store - OOP\Record Store - OOP.cpp(35): note: Reason: cannot convert from 'std::vector' to 'const std::vector<_Ty,_Alloc>'
  C:\Users\anton\Documents\Antoniusz\Code\BootcampIT-2\Record Store - OOP\Record Store - OOP.cpp(35): note: Conversion requires a second user-defined-conversion operator or constructor
C:\Users\anton\Documents\Antoniusz\Code\BootcampIT-2\Record Store - OOP\Record Store - OOP.cpp(36): error C2678: binary '[': no operator found which takes a left-hand operand of type 'std::vector' (or there is no acceptable conversion)
  C:\Program Files (x86)\Microsoft Visual Studio\2019\Community\VC\Tools\MSVC\14.20.27508\include\vector(1369): note: could be 'const _Ty &std::vector<_Ty,_Alloc>::operator [](const allocator_traits<allocator_traits<_Alloc>::rebind_alloc<_Ty>>::size_type) const'
  C:\Program Files (x86)\Microsoft Visual Studio\2019\Community\VC\Tools\MSVC\14.20.27508\include\vector(1361): note: or       '_Ty &std::vector<_Ty,_Alloc>::operator [](const allocator_traits<allocator_traits<_Alloc>::rebind_alloc<_Ty>>::size_type)'
  C:\Users\anton\Documents\Antoniusz\Code\BootcampIT-2\Record Store - OOP\Record Store - OOP.cpp(36): note: while trying to match the argument list '(std::vector, int)'
C:\Users\anton\Documents\Antoniusz\Code\BootcampIT-2\Record Store - OOP\Record Store - OOP.cpp(41): error C2662: 'allocator_traits<allocator_traits<_Alloc>::rebind_alloc<_Ty>>::size_type std::vector<_Ty,_Alloc>::size(void) noexcept const': cannot convert 'this' pointer from 'std::vector' to 'const std::vector<_Ty,_Alloc> &'
  C:\Users\anton\Documents\Antoniusz\Code\BootcampIT-2\Record Store - OOP\Record Store - OOP.cpp(41): note: Reason: cannot convert from 'std::vector' to 'const std::vector<_Ty,_Alloc>'
  C:\Users\anton\Documents\Antoniusz\Code\BootcampIT-2\Record Store - OOP\Record Store - OOP.cpp(41): note: Conversion requires a second user-defined-conversion operator or constructor
C:\Users\anton\Documents\Antoniusz\Code\BootcampIT-2\Record Store - OOP\Record Store - OOP.cpp(42): error C2678: binary '[': no operator found which takes a left-hand operand of type 'std::vector' (or there is no acceptable conversion)
  C:\Program Files (x86)\Microsoft Visual Studio\2019\Community\VC\Tools\MSVC\14.20.27508\include\vector(1369): note: could be 'const _Ty &std::vector<_Ty,_Alloc>::operator [](const allocator_traits<allocator_traits<_Alloc>::rebind_alloc<_Ty>>::size_type) const'
  C:\Program Files (x86)\Microsoft Visual Studio\2019\Community\VC\Tools\MSVC\14.20.27508\include\vector(1361): note: or       '_Ty &std::vector<_Ty,_Alloc>::operator [](const allocator_traits<allocator_traits<_Alloc>::rebind_alloc<_Ty>>::size_type)'
  C:\Users\anton\Documents\Antoniusz\Code\BootcampIT-2\Record Store - OOP\Record Store - OOP.cpp(42): note: while trying to match the argument list '(std::vector, int)'
C:\Users\anton\Documents\Antoniusz\Code\BootcampIT-2\Record Store - OOP\Record Store - OOP.cpp(46): error C2512: 'std::vector': no appropriate default constructor available
  C:\Program Files (x86)\Microsoft Visual Studio\2019\Community\VC\Tools\MSVC\14.20.27508\include\vector(339): note: see declaration of 'std::vector'
C:\Users\anton\Documents\Antoniusz\Code\BootcampIT-2\Record Store - OOP\Record Store - OOP.cpp(49): error C2065: 'Album': undeclared identifier
C:\Users\anton\Documents\Antoniusz\Code\BootcampIT-2\Record Store - OOP\Record Store - OOP.cpp(49): error C2146: syntax error: missing ';' before identifier 'temp'
C:\Users\anton\Documents\Antoniusz\Code\BootcampIT-2\Record Store - OOP\Record Store - OOP.cpp(49): error C2065: 'temp': undeclared identifier
C:\Users\anton\Documents\Antoniusz\Code\BootcampIT-2\Record Store - OOP\Record Store - OOP.cpp(56): error C2065: 'temp': undeclared identifier
C:\Users\anton\Documents\Antoniusz\Code\BootcampIT-2\Record Store - OOP\Record Store - OOP.cpp(57): error C2065: 'temp': undeclared identifier
C:\Users\anton\Documents\Antoniusz\Code\BootcampIT-2\Record Store - OOP\Record Store - OOP.cpp(58): error C2065: 'temp': undeclared identifier
C:\Users\anton\Documents\Antoniusz\Code\BootcampIT-2\Record Store - OOP\Record Store - OOP.cpp(59): error C2065: 'temp': undeclared identifier
C:\Users\anton\Documents\Antoniusz\Code\BootcampIT-2\Record Store - OOP\Record Store - OOP.cpp(60): error C2065: 'temp': undeclared identifier
C:\Users\anton\Documents\Antoniusz\Code\BootcampIT-2\Record Store - OOP\Record Store - OOP.cpp(61): error C2065: 'temp': undeclared identifier
C:\Users\anton\Documents\Antoniusz\Code\BootcampIT-2\Record Store - OOP\Record Store - OOP.cpp(193): error C2664: 'void Record_store::prikaz_albuma(std::vector)': cannot convert argument 1 from 'std::vector' to 'std::vector'
  C:\Users\anton\Documents\Antoniusz\Code\BootcampIT-2\Record Store - OOP\Record Store - OOP.cpp(193): note: Cannot copy construct class 'std::vector' due to ambiguous copy constructors or no available copy constructor
